<?xml version="1.0" encoding="UTF-8"?>
<!--

    TaskerVille - issue and project management
    Copyright (C) 2012  Dirk Strauss

    This program is free software: you can redistribute it and/or modify
    it under the terms of the GNU Lesser General Public License as published by
    the Free Software Foundation, either version 3 of the License, or
    (at your option) any later version.

    This program is distributed in the hope that it will be useful,
    but WITHOUT ANY WARRANTY; without even the implied warranty of
    MERCHANTABILITY or FITNESS FOR A PARTICULAR PURPOSE.  See the
    GNU Lesser General Public License for more details.

    You should have received a copy of the GNU Lesser General Public License
    along with this program.  If not, see <http://www.gnu.org/licenses/>.

-->
<persistence version="2.0" xmlns="http://java.sun.com/xml/ns/persistence"
  xmlns:xsi="http://www.w3.org/2001/XMLSchema-instance"
  xsi:schemaLocation="http://java.sun.com/xml/ns/persistence http://java.sun.com/xml/ns/persistence/persistence_2_0.xsd">
  <persistence-unit name="taskervillePU" transaction-type="JTA">
    <provider>org.eclipse.persistence.jpa.PersistenceProvider</provider>
    <jta-data-source>db/taskerville</jta-data-source>
    <class>ds2.foundation.storage.entities.OptionEntity</class>
    <exclude-unlisted-classes>false</exclude-unlisted-classes>
    <properties>
      <property name="eclipselink.ddl-generation" value="drop-and-create-tables" />
      <property name="eclipselink.logging.level.sql" value="FINEST" />
      <property name="eclipselink.logging.parameters" value="true" />
      <property name="eclipselink.target-database"
        value="org.eclipse.persistence.platform.database.H2Platform" />
      <property name="eclipselink.logging.level" value="INFO" />
      <property name="eclipselink.jdbc.batch-writing" value="Buffered" />
      <property name="eclipselink.exclude-eclipselink-orm" value="true" />
      <property name="eclipselink.jdbc.cache-statements" value="true" />
    </properties>
  </persistence-unit>
</persistence>