<?xml version="1.0" encoding="UTF-8"?>
<persistence version="2.0" xmlns="http://java.sun.com/xml/ns/persistence"
  xmlns:xsi="http://www.w3.org/2001/XMLSchema-instance"
  xsi:schemaLocation="http://java.sun.com/xml/ns/persistence http://java.sun.com/xml/ns/persistence/persistence_2_0.xsd">
  <persistence-unit name="taskervillePU" transaction-type="JTA">
    <provider>org.eclipse.persistence.jpa.PersistenceProvider</provider>
    <jta-data-source>db/taskerville</jta-data-source>
    <class>ds2.foundation.storage.entities.OptionEntity</class>
    <exclude-unlisted-classes>false</exclude-unlisted-classes>
    <properties>
      <property name="eclipselink.ddl-generation" value="drop-and-create-tables" />
      <property name="eclipselink.logging.level.sql" value="FINEST" />
      <property name="eclipselink.logging.parameters" value="true" />
      <property name="eclipselink.target-database"
        value="org.eclipse.persistence.platform.database.H2Platform" />
      <property name="eclipselink.logging.level" value="INFO" />
      <property name="eclipselink.jdbc.batch-writing" value="Buffered" />
      <property name="eclipselink.exclude-eclipselink-orm" value="true" />
      <property name="eclipselink.jdbc.cache-statements" value="true" />
    </properties>
  </persistence-unit>
</persistence>